[debug] ----------------------------------------------------------------------
[debug] Command:      /Users/vincevahala/.nvm/versions/node/v6.2.2/bin/node /Users/vincevahala/.nvm/versions/node/v6.2.2/bin/firebase deploy
[debug] CLI Version:  3.1.0
[debug] Platform:     darwin
[debug] Node Version: v6.2.2
[debug] Time:         Mon Sep 04 2017 16:52:25 GMT-0600 (MDT)
[debug] ----------------------------------------------------------------------
[debug] 
[debug] > command requires scopes: ["email","openid","https://www.googleapis.com/auth/cloudplatformprojects.readonly","https://www.googleapis.com/auth/firebase"]
[debug] > refreshing access token with scopes: ["email","https://www.googleapis.com/auth/cloudplatformprojects.readonly","https://www.googleapis.com/auth/firebase","openid"]
[debug] >>> HTTP REQUEST POST https://www.googleapis.com/oauth2/v3/token
[debug] <<< HTTP RESPONSE 200
[debug] >>> HTTP REQUEST GET https://admin.firebase.com/v1/projects/vinces-portfolio 
[debug] <<< HTTP RESPONSE 200
[debug] >>> HTTP REQUEST GET https://admin.firebase.com/v1/database/vinces-portfolio/tokens 
[debug] <<< HTTP RESPONSE 200
[info] 
[info] === Deploying to 'vinces-portfolio'...
[info] 
[info] i  deploying hosting
[info] ✔  database: rules ready to deploy.
[info] i  hosting: preparing public directory for upload...
[debug] >>> HTTP REQUEST PUT https://deploy.firebase.com/v1/hosting/vinces-portfolio/uploads/-KtE53xg2i33NaHgZTyd?fileCount=238&message= 
